<?xml version="1.0" encoding="UTF-8"?>
<!-- Generated by org.testng.reporters.JUnitReportReporter -->
<testsuite hostname="Aronyos-Laptop.local" failures="0" tests="1" name="com.facebook.loginTests.LoginTest" time="3.228" errors="0" timestamp="2023-10-07T12:38:53 CDT" skipped="0">
  <testcase classname="com.facebook.loginTests.LoginTest" name="loginTest" time="3.228"/>
</testsuite> <!-- com.facebook.loginTests.LoginTest -->
